2025-10-13 13:44:35 | WARNING  | __main__:select_excel_file:96 - 未选择文件
2025-10-13 13:44:35 | INFO     | __main__:close:701 - 浏览器和playwright已关闭
2025-10-13 13:45:20 | INFO     | __main__:select_excel_file:93 - 已选择Excel文件: C:/Users/asus/Desktop/111.xlsx
2025-10-13 13:45:20 | INFO     | __main__:load_excel_data:112 - 成功加载Excel数据，共 131 行
2025-10-13 13:45:20 | INFO     | __main__:load_excel_data:133 - 添加新列: 博主名
2025-10-13 13:45:20 | INFO     | __main__:load_excel_data:133 - 添加新列: 20秒报价
2025-10-13 13:45:20 | INFO     | __main__:load_excel_data:133 - 添加新列: 20-60秒报价
2025-10-13 13:45:20 | INFO     | __main__:load_excel_data:133 - 添加新列: 60秒+报价
2025-10-13 13:45:20 | INFO     | __main__:load_excel_data:133 - 添加新列: 1月商单数
2025-10-13 13:45:20 | INFO     | __main__:load_excel_data:133 - 添加新列: 2月商单数
2025-10-13 13:45:20 | INFO     | __main__:load_excel_data:133 - 添加新列: 3月商单数
2025-10-13 13:45:20 | INFO     | __main__:load_excel_data:133 - 添加新列: 4月商单数
2025-10-13 13:45:20 | INFO     | __main__:load_excel_data:133 - 添加新列: 5月商单数
2025-10-13 13:45:20 | INFO     | __main__:load_excel_data:133 - 添加新列: 6月商单数
2025-10-13 13:45:20 | INFO     | __main__:load_excel_data:133 - 添加新列: 7月商单数
2025-10-13 13:45:20 | INFO     | __main__:load_excel_data:133 - 添加新列: 8月商单数
2025-10-13 13:45:20 | INFO     | __main__:load_excel_data:133 - 添加新列: 9月商单数
2025-10-13 13:45:20 | INFO     | __main__:load_excel_data:133 - 添加新列: 10月商单数
2025-10-13 13:45:20 | INFO     | __main__:load_excel_data:133 - 添加新列: 11月商单数
2025-10-13 13:45:20 | INFO     | __main__:load_excel_data:133 - 添加新列: 12月商单数
2025-10-13 13:45:20 | INFO     | __main__:load_excel_data:133 - 添加新列: 1月营收
2025-10-13 13:45:20 | INFO     | __main__:load_excel_data:133 - 添加新列: 2月营收
2025-10-13 13:45:20 | INFO     | __main__:load_excel_data:133 - 添加新列: 3月营收
2025-10-13 13:45:20 | INFO     | __main__:load_excel_data:133 - 添加新列: 4月营收
2025-10-13 13:45:20 | INFO     | __main__:load_excel_data:133 - 添加新列: 5月营收
2025-10-13 13:45:20 | INFO     | __main__:load_excel_data:133 - 添加新列: 6月营收
2025-10-13 13:45:20 | INFO     | __main__:load_excel_data:133 - 添加新列: 7月营收
2025-10-13 13:45:20 | INFO     | __main__:load_excel_data:133 - 添加新列: 8月营收
2025-10-13 13:45:20 | INFO     | __main__:load_excel_data:133 - 添加新列: 9月营收
2025-10-13 13:45:20 | INFO     | __main__:load_excel_data:133 - 添加新列: 10月营收
2025-10-13 13:45:20 | INFO     | __main__:load_excel_data:133 - 添加新列: 11月营收
2025-10-13 13:45:20 | INFO     | __main__:load_excel_data:133 - 添加新列: 12月营收
2025-10-13 13:45:20 | INFO     | __main__:load_excel_data:133 - 添加新列: 总商单数
2025-10-13 13:45:20 | INFO     | __main__:load_excel_data:133 - 添加新列: 总营收
2025-10-13 13:45:20 | INFO     | __main__:load_excel_data:136 - Excel表头: ['星图链接', '博主名', '20秒报价', '20-60秒报价', '60秒+报价', '1月商单数', '2月商单数', '3月商单数', '4月商单数', '5月商单数', '6月商单数', '7月商单数', '8月商单数', '9月商单数', '10月商单数', '11月商单数', '12月商单数', '1月营收', '2月营收', '3月营收', '4月营收', '5月营收', '6月营收', '7月营收', '8月营收', '9月营收', '10月营收', '11月营收', '12月营收', '总商单数', '总营收']
2025-10-13 13:45:20 | WARNING  | __main__:setup_browser:537 - 未找到自定义浏览器路径: D:\myHome\project\ti-bao-py\ms-playwright
2025-10-13 13:45:26 | INFO     | __main__:setup_browser:604 - 浏览器初始化完成
2025-10-13 13:45:27 | INFO     | __main__:login:618 - 等待登录成功标识出现...
