2025-10-11 17:49:24 | INFO     | 日志文件保存路径: D:\myHome\project\ti-bao-py\command\pgy\logs
2025-10-11 17:49:24 | INFO     | 已加载配置文件: D:\myHome\project\ti-bao-py\command\pgy\pgy_invites_config.ini
2025-10-11 17:49:24 | INFO     | ============================================================
2025-10-11 17:49:24 | INFO     | 🚀 蒲公英邀约数据同步程序
2025-10-11 17:49:24 | INFO     | 📅 启动时间: 2025-10-11 17:49:24
2025-10-11 17:49:24 | INFO     | ============================================================
2025-10-11 17:49:24 | INFO     | ⚡ 单次运行模式
2025-10-11 17:49:24 | INFO     | ============================================================
2025-10-11 17:49:24 | INFO     | 🚀 蒲公英邀约数据同步程序启动
2025-10-11 17:49:24 | INFO     | ⏰ 开始时间: 2025-10-11 17:49:24
2025-10-11 17:49:24 | INFO     | ============================================================
2025-10-11 17:49:24 | INFO     | 📋 开始获取token列表...
2025-10-11 17:49:24 | SUCCESS  | ✅ 成功获取 128 个token
2025-10-11 17:49:24 | INFO     | 
[1/128] 处理用户: 67bbea69000000000d009ec6
2025-10-11 17:49:24 | INFO     | 📥 获取邀约数据(等待10秒)...
2025-10-11 17:49:35 | SUCCESS  | ✅ 获取到 1 条邀约数据
2025-10-11 17:49:35 | INFO     | 💾 开始插入数据...
2025-10-11 17:49:35 | SUCCESS  | ✅ 插入成功 (共1条)
2025-10-11 17:49:35 | INFO     | 
[2/128] 处理用户: 67d82984000000000e02cf5a
2025-10-11 17:49:35 | INFO     | 
[3/128] 处理用户: 62b6ad4d000000001b02634e
2025-10-11 17:49:35 | INFO     | 
[4/128] 处理用户: 67d7c2e1000000000e02feff
2025-10-11 17:49:35 | INFO     | 
[5/128] 处理用户: 62b6bf75000000001b0241c9
2025-10-11 17:49:35 | INFO     | 📥 获取邀约数据(等待10秒)...
2025-10-11 17:49:45 | SUCCESS  | ✅ 获取到 1374 条邀约数据
2025-10-11 17:49:45 | INFO     | 💾 开始插入数据...
2025-10-11 17:49:57 | SUCCESS  | ✅ 插入成功 (共1374条)
2025-10-11 17:49:57 | INFO     | 
[6/128] 处理用户: 67d7b6140000000008016008
2025-10-11 17:49:57 | INFO     | 
[7/128] 处理用户: 664ac4d60000000007005d3f
2025-10-11 17:49:57 | INFO     | 
[8/128] 处理用户: 62b6bba2000000001902bbb0
2025-10-11 17:49:57 | INFO     | 
[9/128] 处理用户: 67d563e60000000008016478
2025-10-11 17:49:57 | INFO     | 
[10/128] 处理用户: 67d5609f000000000e01c9ac
2025-10-11 17:49:57 | INFO     | 
[11/128] 处理用户: 67d7a6270000000008015c2d
2025-10-11 17:49:57 | INFO     | 
[12/128] 处理用户: 61176d340000000001008bed
2025-10-11 17:49:57 | INFO     | 
[13/128] 处理用户: 664ac4d60000000007005d3f
2025-10-11 17:49:57 | INFO     | 
[14/128] 处理用户: 65eff721000000000500d64e
2025-10-11 17:49:57 | INFO     | 
[15/128] 处理用户: 67d7c2e1000000000e02feff
2025-10-11 17:49:57 | INFO     | 📥 获取邀约数据(等待10秒)...
2025-10-11 17:50:07 | SUCCESS  | ✅ 获取到 942 条邀约数据
2025-10-11 17:50:07 | INFO     | 💾 开始插入数据...
2025-10-11 17:50:16 | SUCCESS  | ✅ 插入成功 (共942条)
2025-10-11 17:50:16 | INFO     | 
[16/128] 处理用户: 66c6e7c0000000001d022069
2025-10-11 17:50:16 | INFO     | 
[17/128] 处理用户: 66c6e7c0000000001d022069
2025-10-11 17:50:16 | INFO     | 
[18/128] 处理用户: 62b4178e000000001b025f28
2025-10-11 17:50:16 | INFO     | 📥 获取邀约数据(等待10秒)...
2025-10-11 17:50:27 | SUCCESS  | ✅ 获取到 1557 条邀约数据
2025-10-11 17:50:27 | INFO     | 💾 开始插入数据...
2025-10-11 17:50:39 | SUCCESS  | ✅ 插入成功 (共1557条)
2025-10-11 17:50:39 | INFO     | 
[19/128] 处理用户: 67c811a60000000008015569
2025-10-11 17:50:39 | INFO     | 
[20/128] 处理用户: 67d78c48000000000601120b
2025-10-11 17:50:39 | INFO     | 
[21/128] 处理用户: 62b42ef1000000001902ace6
2025-10-11 17:50:39 | INFO     | 
[22/128] 处理用户: 67d7af88000000000e02d992
2025-10-11 17:50:39 | INFO     | 
[23/128] 处理用户: 62b4178e000000001b025f28
2025-10-11 17:50:39 | INFO     | 📥 获取邀约数据(等待10秒)...
2025-10-11 17:50:49 | SUCCESS  | ✅ 获取到 1557 条邀约数据
2025-10-11 17:50:49 | INFO     | 💾 开始插入数据...
2025-10-11 17:50:51 | SUCCESS  | ✅ 插入成功 (共1557条)
2025-10-11 17:50:51 | INFO     | 
[24/128] 处理用户: 62b58a79000000001b024664
2025-10-11 17:50:51 | INFO     | 📥 获取邀约数据(等待10秒)...
2025-10-11 17:51:02 | SUCCESS  | ✅ 获取到 1332 条邀约数据
2025-10-11 17:51:02 | INFO     | 💾 开始插入数据...
2025-10-11 17:51:12 | SUCCESS  | ✅ 插入成功 (共1332条)
2025-10-11 17:51:12 | INFO     | 
[25/128] 处理用户: 62b6b26a000000001b027fd5
2025-10-11 17:51:12 | INFO     | 
[26/128] 处理用户: 62b5092d000000001b0291d6
2025-10-11 17:51:12 | INFO     | 
[27/128] 处理用户: 67061df8000000001d0225dd
2025-10-11 17:51:12 | INFO     | 
[28/128] 处理用户: 6117229e000000000100aab6
2025-10-11 17:51:12 | INFO     | 
[29/128] 处理用户: 5cf211ba000000000503e73f
2025-10-11 17:51:12 | INFO     | 📥 获取邀约数据(等待10秒)...
2025-10-11 17:51:22 | SUCCESS  | ✅ 获取到 1557 条邀约数据
2025-10-11 17:51:22 | INFO     | 💾 开始插入数据...
2025-10-11 17:51:25 | SUCCESS  | ✅ 插入成功 (共1557条)
2025-10-11 17:51:25 | INFO     | 
[30/128] 处理用户: 67d8203a000000000601e022
2025-10-11 17:51:25 | INFO     | 
[31/128] 处理用户: 62b4161c000000001b027a57
2025-10-11 17:51:25 | INFO     | 
[32/128] 处理用户: 6117229e000000000100aab6
2025-10-11 17:51:25 | INFO     | 📥 获取邀约数据(等待10秒)...
2025-10-11 17:51:35 | SUCCESS  | ✅ 获取到 942 条邀约数据
2025-10-11 17:51:35 | INFO     | 💾 开始插入数据...
2025-10-11 17:51:36 | SUCCESS  | ✅ 插入成功 (共942条)
2025-10-11 17:51:36 | INFO     | 
[33/128] 处理用户: 67d7b5f10000000007003495
2025-10-11 17:51:36 | INFO     | 
[34/128] 处理用户: 5cf211ba000000000503e73f
2025-10-11 17:51:36 | INFO     | 📥 获取邀约数据(等待10秒)...
2025-10-11 17:51:48 | ERROR    | 获取邀约数据出错: argument of type 'NoneType' is not iterable
2025-10-11 17:51:48 | ERROR    | ❌ 获取邀约数据失败
2025-10-11 17:51:48 | INFO     | 
[35/128] 处理用户: 67061df8000000001d0225dd
2025-10-11 17:51:48 | INFO     | 
[36/128] 处理用户: 616cdc8e0000000002023804
2025-10-11 17:51:48 | INFO     | 
[37/128] 处理用户: 67d83264000000000601f8ce
2025-10-11 17:51:48 | INFO     | 
[38/128] 处理用户: 67d562790000000006012f35
2025-10-11 17:51:48 | INFO     | 
[39/128] 处理用户: 67d562a6000000001b035136
2025-10-11 17:51:48 | INFO     | 
[40/128] 处理用户: 67d80ce0000000000700215a
2025-10-11 17:51:48 | INFO     | 
[41/128] 处理用户: 67d57964000000000e02cf3b
2025-10-11 17:51:48 | INFO     | 
[42/128] 处理用户: 67d8324f000000000601f8aa
2025-10-11 17:51:48 | INFO     | 
[43/128] 处理用户: 67d580eb0000000008014d85
2025-10-11 17:51:48 | INFO     | 
[44/128] 处理用户: 62b43929000000001b0268e5
2025-10-11 17:51:48 | INFO     | 
[45/128] 处理用户: 67d576590000000007000da9
2025-10-11 17:51:48 | INFO     | 
[46/128] 处理用户: 616cdc8e0000000002023804
2025-10-11 17:51:48 | INFO     | 
[47/128] 处理用户: 590e88cd5e87e73c862ccf34
2025-10-11 17:51:48 | INFO     | 📥 获取邀约数据(等待10秒)...
2025-10-11 17:51:58 | SUCCESS  | ✅ 获取到 1413 条邀约数据
2025-10-11 17:51:58 | INFO     | 💾 开始插入数据...
2025-10-11 17:52:09 | SUCCESS  | ✅ 插入成功 (共1413条)
2025-10-11 17:52:09 | INFO     | 
[48/128] 处理用户: 590e88cd5e87e73c862ccf34
2025-10-11 17:52:09 | INFO     | 📥 获取邀约数据(等待10秒)...
2025-10-11 17:52:19 | SUCCESS  | ✅ 获取到 1413 条邀约数据
2025-10-11 17:52:19 | INFO     | 💾 开始插入数据...
2025-10-11 17:52:22 | SUCCESS  | ✅ 插入成功 (共1413条)
2025-10-11 17:52:22 | INFO     | 
[53/128] 处理用户: 6698e17f0000000003033f77
2025-10-11 17:52:22 | INFO     | 
[54/128] 处理用户: 589ddd6e6a6a69130bf6dd6c
2025-10-11 17:52:22 | INFO     | 📥 获取邀约数据(等待10秒)...
2025-10-11 17:52:32 | SUCCESS  | ✅ 获取到 370 条邀约数据
2025-10-11 17:52:32 | INFO     | 💾 开始插入数据...
2025-10-11 17:52:35 | SUCCESS  | ✅ 插入成功 (共370条)
2025-10-11 17:52:35 | INFO     | 
[55/128] 处理用户: 67d56d03000000000601dc60
2025-10-11 17:52:35 | INFO     | 
[56/128] 处理用户: 6146eae7000000001f037434
2025-10-11 17:52:35 | INFO     | 
[57/128] 处理用户: 62b43929000000001b0268e5
2025-10-11 17:52:35 | INFO     | 📥 获取邀约数据(等待10秒)...
2025-10-11 17:52:46 | SUCCESS  | ✅ 获取到 1454 条邀约数据
2025-10-11 17:52:46 | INFO     | 💾 开始插入数据...
2025-10-11 17:52:51 | SUCCESS  | ✅ 插入成功 (共1454条)
2025-10-11 17:52:51 | INFO     | 
[58/128] 处理用户: 589ddd6e6a6a69130bf6dd6c
2025-10-11 17:52:51 | INFO     | 
[67/128] 处理用户: 67d81747000000000601d068
2025-10-11 17:52:51 | INFO     | 
[68/128] 处理用户: 67d7bb7d0000000007003ca3
2025-10-11 17:52:51 | INFO     | 
[69/128] 处理用户: 62b4364c000000001902bb7f
2025-10-11 17:52:51 | INFO     | 
[75/128] 处理用户: 67678e630000000014030fb1
2025-10-11 17:52:51 | INFO     | 
[76/128] 处理用户: 67678e630000000014030fb1
2025-10-11 17:52:51 | INFO     | 
[77/128] 处理用户: 67d7cfa5000000000801421e
2025-10-11 17:52:51 | INFO     | 
[78/128] 处理用户: 67d90b22000000000e02e8e8
2025-10-11 17:52:51 | INFO     | 
[79/128] 处理用户: 67d7943a000000000601c6ad
2025-10-11 17:52:51 | INFO     | 
[80/128] 处理用户: 66c8536d000000001d021ab0
2025-10-11 17:52:51 | INFO     | 
[81/128] 处理用户: 67d563e60000000008016478
2025-10-11 17:52:51 | INFO     | 
[82/128] 处理用户: 65640345000000000202bc4a
2025-10-11 17:52:51 | INFO     | 
[83/128] 处理用户: 67d7887d000000001b033612
2025-10-11 17:52:51 | INFO     | 
[84/128] 处理用户: 67d82096000000000601e0d2
2025-10-11 17:52:51 | INFO     | 
[85/128] 处理用户: 67d78ff20000000007001f32
2025-10-11 17:52:51 | INFO     | 
[86/128] 处理用户: 67d82984000000000e02cf5a
2025-10-11 17:52:51 | INFO     | 📥 获取邀约数据(等待10秒)...
2025-10-11 17:53:01 | SUCCESS  | ✅ 获取到 370 条邀约数据
2025-10-11 17:53:01 | INFO     | 💾 开始插入数据...
2025-10-11 17:53:02 | SUCCESS  | ✅ 插入成功 (共370条)
2025-10-11 17:53:02 | INFO     | 
[87/128] 处理用户: 67d91f9e0000000006013914
2025-10-11 17:53:02 | INFO     | 
[88/128] 处理用户: 62b6bf75000000001b0241c9
2025-10-11 17:53:02 | INFO     | 📥 获取邀约数据(等待10秒)...
2025-10-11 17:53:12 | SUCCESS  | ✅ 获取到 1374 条邀约数据
2025-10-11 17:53:12 | INFO     | 💾 开始插入数据...
2025-10-11 17:53:14 | SUCCESS  | ✅ 插入成功 (共1374条)
2025-10-11 17:53:14 | INFO     | 
[89/128] 处理用户: 67d55cad0000000006012abe
2025-10-11 17:53:14 | INFO     | 
[90/128] 处理用户: 62c52684000000000e00db78
2025-10-11 17:53:14 | INFO     | 
[91/128] 处理用户: 67c811a60000000008015569
2025-10-11 17:53:14 | INFO     | 
[92/128] 处理用户: 61c68e7d0000000010008663
2025-10-11 17:53:14 | INFO     | 📥 获取邀约数据(等待10秒)...
2025-10-11 17:53:25 | SUCCESS  | ✅ 获取到 1374 条邀约数据
2025-10-11 17:53:25 | INFO     | 💾 开始插入数据...
2025-10-11 17:53:26 | SUCCESS  | ✅ 插入成功 (共1374条)
2025-10-11 17:53:26 | INFO     | 
[93/128] 处理用户: 61c68e7d0000000010008663
2025-10-11 17:53:26 | INFO     | 
============================================================
2025-10-11 17:53:26 | INFO     | ✅ 所有数据处理完成
2025-10-11 17:53:26 | INFO     | 📊 执行统计:
2025-10-11 17:53:26 | INFO     |    ⏱️  执行时长: 242.38 秒
2025-10-11 17:53:26 | INFO     |    📝 总token数: 128
2025-10-11 17:53:26 | INFO     |    ✅ 成功处理: 15
2025-10-11 17:53:26 | INFO     |    ❌ 处理失败: 1
2025-10-11 17:53:26 | INFO     |    ⏭️  跳过记录: 112
2025-10-11 17:53:26 | INFO     |    🏁 结束时间: 2025-10-11 17:53:26
2025-10-11 17:53:26 | INFO     | ============================================================
